<?xml version="1.0" encoding="UTF-8"?>
<!-- Generated by org.testng.reporters.JUnitXMLReporter -->
<testsuite ignored="1" hostname="DESKTOP-H5CHME6" failures="0" tests="2" name="Test" time="61.633" errors="0" timestamp="2023-03-30T15:51:21 IST">
  <testcase classname="TestCases.LoginTest" name="Validate" time="8.245"/>
  <testcase classname="TestCases.HomepageTest" name="Validate" time="8.425"/>
  <testcase classname="Base.TestBase" name="@BeforeSuite CreateDir" time="0.0">
    <ignored/>
  </testcase> <!-- @BeforeSuite CreateDir -->
</testsuite> <!-- Test -->
