<?xml version="1.0" encoding="UTF-8"?>
<testng-results ignored="0" total="2" passed="2" failed="0" skipped="0">
  <reporter-output>
  </reporter-output>
  <suite started-at="2023-03-30T22:36:27 IST" name="Suite" finished-at="2023-03-30T22:37:40 IST" duration-ms="72855">
    <groups>
    </groups>
    <test started-at="2023-03-30T22:36:27 IST" name="First Test" finished-at="2023-03-30T22:37:06 IST" duration-ms="39652">
      <class name="TestCases.LoginTest">
        <test-method is-config="true" signature="setupReport()[pri:0, instance:TestCases.LoginTest@247310d0]" started-at="2023-03-30T22:36:27 IST" name="setupReport" finished-at="2023-03-30T22:36:27 IST" duration-ms="403" status="PASS">
          <reporter-output>
          </reporter-output>
        </test-method> <!-- setupReport -->
        <test-method is-config="true" signature="launchBrowser()[pri:0, instance:TestCases.LoginTest@247310d0]" started-at="2023-03-30T22:36:27 IST" name="launchBrowser" finished-at="2023-03-30T22:36:52 IST" duration-ms="24697" status="PASS">
          <reporter-output>
          </reporter-output>
        </test-method> <!-- launchBrowser -->
        <test-method is-config="true" signature="register(java.lang.reflect.Method)[pri:0, instance:TestCases.LoginTest@247310d0]" started-at="2023-03-30T22:36:52 IST" name="register" finished-at="2023-03-30T22:36:52 IST" duration-ms="31" status="PASS">
          <params>
            <param index="0">
              <value>
                <![CDATA[public void TestCases.LoginTest.Validate() throws java.io.IOException]]>
              </value>
            </param>
          </params>
          <reporter-output>
          </reporter-output>
        </test-method> <!-- register -->
        <test-method signature="Validate()[pri:0, instance:TestCases.LoginTest@247310d0]" started-at="2023-03-30T22:36:53 IST" name="Validate" description="This is login validate" finished-at="2023-03-30T22:37:03 IST" duration-ms="9779" status="PASS">
          <reporter-output>
          </reporter-output>
        </test-method> <!-- Validate -->
        <test-method is-config="true" signature="getResult(org.testng.ITestResult)[pri:0, instance:TestCases.LoginTest@247310d0]" started-at="2023-03-30T22:37:03 IST" name="getResult" finished-at="2023-03-30T22:37:05 IST" duration-ms="2057" status="PASS">
          <params>
            <param index="0">
              <value>
                <![CDATA[[TestResult name=Validate status=SUCCESS method=LoginTest.Validate()[pri:0, instance:TestCases.LoginTest@247310d0] output={null}]]]>
              </value>
            </param>
          </params>
          <reporter-output>
          </reporter-output>
        </test-method> <!-- getResult -->
        <test-method is-config="true" signature="tearDown()[pri:0, instance:TestCases.LoginTest@247310d0]" started-at="2023-03-30T22:37:05 IST" name="tearDown" finished-at="2023-03-30T22:37:06 IST" duration-ms="1204" status="PASS">
          <reporter-output>
          </reporter-output>
        </test-method> <!-- tearDown -->
      </class> <!-- TestCases.LoginTest -->
    </test> <!-- First Test -->
    <test started-at="2023-03-30T22:37:06 IST" name="Second Test" finished-at="2023-03-30T22:37:40 IST" duration-ms="33155">
      <class name="TestCases.HomepageTest">
        <test-method is-config="true" signature="CreateDir()[pri:0, instance:TestCases.HomepageTest@4e5ed836]" started-at="2023-03-30T22:36:27 IST" name="CreateDir" finished-at="2023-03-30T22:36:27 IST" duration-ms="43" status="PASS">
          <reporter-output>
          </reporter-output>
        </test-method> <!-- CreateDir -->
        <test-method is-config="true" signature="setupReport()[pri:0, instance:TestCases.HomepageTest@4e5ed836]" started-at="2023-03-30T22:37:06 IST" name="setupReport" finished-at="2023-03-30T22:37:06 IST" duration-ms="10" status="PASS">
          <reporter-output>
          </reporter-output>
        </test-method> <!-- setupReport -->
        <test-method is-config="true" signature="launchBrowser()[pri:0, instance:TestCases.HomepageTest@4e5ed836]" started-at="2023-03-30T22:37:06 IST" name="launchBrowser" finished-at="2023-03-30T22:37:30 IST" duration-ms="23321" status="PASS">
          <reporter-output>
          </reporter-output>
        </test-method> <!-- launchBrowser -->
        <test-method is-config="true" signature="register(java.lang.reflect.Method)[pri:0, instance:TestCases.HomepageTest@4e5ed836]" started-at="2023-03-30T22:37:30 IST" name="register" finished-at="2023-03-30T22:37:30 IST" duration-ms="1" status="PASS">
          <params>
            <param index="0">
              <value>
                <![CDATA[public void TestCases.HomepageTest.Validate() throws java.io.IOException]]>
              </value>
            </param>
          </params>
          <reporter-output>
          </reporter-output>
        </test-method> <!-- register -->
        <test-method signature="Validate()[pri:0, instance:TestCases.HomepageTest@4e5ed836]" started-at="2023-03-30T22:37:30 IST" name="Validate" description="This is Home page validate" finished-at="2023-03-30T22:37:38 IST" duration-ms="8621" status="PASS">
          <reporter-output>
          </reporter-output>
        </test-method> <!-- Validate -->
        <test-method is-config="true" signature="getResult(org.testng.ITestResult)[pri:0, instance:TestCases.HomepageTest@4e5ed836]" started-at="2023-03-30T22:37:38 IST" name="getResult" finished-at="2023-03-30T22:37:39 IST" duration-ms="305" status="PASS">
          <params>
            <param index="0">
              <value>
                <![CDATA[[TestResult name=Validate status=SUCCESS method=HomepageTest.Validate()[pri:0, instance:TestCases.HomepageTest@4e5ed836] output={null}]]]>
              </value>
            </param>
          </params>
          <reporter-output>
          </reporter-output>
        </test-method> <!-- getResult -->
        <test-method is-config="true" signature="tearDown()[pri:0, instance:TestCases.HomepageTest@4e5ed836]" started-at="2023-03-30T22:37:39 IST" name="tearDown" finished-at="2023-03-30T22:37:40 IST" duration-ms="773" status="PASS">
          <reporter-output>
          </reporter-output>
        </test-method> <!-- tearDown -->
      </class> <!-- TestCases.HomepageTest -->
    </test> <!-- Second Test -->
  </suite> <!-- Suite -->
</testng-results>
